e:\asatr_routesearch\asatr\x64\debug\uic\ui_asatr.h
e:\asatr_routesearch\asatr\x64\debug\rcc\qrc_asatr.cpp
e:\asatr_routesearch\asatr\x64\debug\moc\moc_asatr.cpp
e:\asatr_routesearch\asatr\x64\debug\moc_asatr.obj
e:\asatr_routesearch\asatr\x64\debug\qrc_asatr.obj
e:\asatr_routesearch\asatr\x64\debug\node.obj
e:\asatr_routesearch\asatr\x64\debug\main.obj
e:\asatr_routesearch\asatr\x64\debug\vc142.pdb
e:\asatr_routesearch\asatr\x64\debug\asatr.obj
e:\asatr_routesearch\asatr\x64\debug\asatr.exe
e:\asatr_routesearch\asatr\x64\debug\asatr.ilk
e:\asatr_routesearch\asatr\x64\debug\asatr.pdb
e:\asatr_routesearch\asatr\x64\debug\asatr.tlog\asatr.write.1u.tlog
e:\asatr_routesearch\asatr\x64\debug\asatr.tlog\cl.command.1.tlog
e:\asatr_routesearch\asatr\x64\debug\asatr.tlog\cl.read.1.tlog
e:\asatr_routesearch\asatr\x64\debug\asatr.tlog\cl.write.1.tlog
e:\asatr_routesearch\asatr\x64\debug\asatr.tlog\link.11516.delete.1.tlog
e:\asatr_routesearch\asatr\x64\debug\asatr.tlog\link.16632.delete.1.tlog
e:\asatr_routesearch\asatr\x64\debug\asatr.tlog\link.21628.delete.1.tlog
e:\asatr_routesearch\asatr\x64\debug\asatr.tlog\link.command.1.tlog
e:\asatr_routesearch\asatr\x64\debug\asatr.tlog\link.read.1.tlog
e:\asatr_routesearch\asatr\x64\debug\asatr.tlog\link.write.1.tlog
e:\asatr_routesearch\asatr\x64\debug\asatr.tlog\moc.read.1u.tlog
e:\asatr_routesearch\asatr\x64\debug\asatr.tlog\moc.write.1u.tlog
e:\asatr_routesearch\asatr\x64\debug\asatr.tlog\rcc.read.1u.tlog
e:\asatr_routesearch\asatr\x64\debug\asatr.tlog\rcc.write.1u.tlog
e:\asatr_routesearch\asatr\x64\debug\asatr.tlog\uic.read.1u.tlog
e:\asatr_routesearch\asatr\x64\debug\asatr.tlog\uic.write.1u.tlog
